app/build/intermediates/manifest_merge_blame_file/release/manifest-merger-blame-release-report.txt
1<?xml version="1.0" encoding="utf-8"?>
2<manifest xmlns:android="http://schemas.android.com/apk/res/android"
3    package="com.vmk.cashbook"
4    android:versionCode="2"
5    android:versionName="1.1" >
6
7    <uses-sdk
7-->src\main\AndroidManifest.xml:7:5-47
8        android:minSdkVersion="16"
8-->src\main\AndroidManifest.xml:7:5-47
9        android:targetSdkVersion="29" />
9-->src\main\AndroidManifest.xml:7:15-44
10
11    <uses-permission android:name="android.permission.READ_CONTACTS" />
11-->src\main\AndroidManifest.xml:9:5-72
11-->src\main\AndroidManifest.xml:9:22-69
12    <uses-permission android:name="android.permission.ACCESS_NETWORK_STATE" />
12-->src\main\AndroidManifest.xml:10:5-78
12-->src\main\AndroidManifest.xml:10:22-76
13    <uses-permission android:name="android.permission.INTERNET" />
13-->src\main\AndroidManifest.xml:11:6-67
13-->src\main\AndroidManifest.xml:11:23-65
14    <uses-permission android:name="com.android.alarm.permission.SET_ALARM" />
14-->src\main\AndroidManifest.xml:12:5-77
14-->src\main\AndroidManifest.xml:12:22-75
15    <uses-permission android:name="android.permission.WAKE_LOCK" />
15-->[com.google.android.gms:play-services-measurement-api:18.0.0] AndroidManifest.xml:24:5-68
15-->[com.google.android.gms:play-services-measurement-api:18.0.0] AndroidManifest.xml:24:22-65
16    <uses-permission android:name="com.google.android.finsky.permission.BIND_GET_INSTALL_REFERRER_SERVICE" />
16-->[com.google.android.gms:play-services-measurement:18.0.0] AndroidManifest.xml:26:5-110
16-->[com.google.android.gms:play-services-measurement:18.0.0] AndroidManifest.xml:26:22-107
17
18    <application
18-->src\main\AndroidManifest.xml:14:5-45:19
19        android:allowBackup="true"
19-->src\main\AndroidManifest.xml:15:9-35
20        android:appComponentFactory="androidx.core.app.CoreComponentFactory"
20-->[androidx.core:core:1.1.0] AndroidManifest.xml:24:18-86
21        android:icon="@drawable/piggybank"
21-->src\main\AndroidManifest.xml:16:9-43
22        android:label="@string/app_name"
22-->src\main\AndroidManifest.xml:17:9-41
23        android:theme="@style/AppTheme" >
23-->src\main\AndroidManifest.xml:18:9-40
24        <activity
24-->src\main\AndroidManifest.xml:19:9-27:20
25            android:name="com.nodem.cashbook.Login"
25-->src\main\AndroidManifest.xml:20:13-52
26            android:label="@string/app_name" >
26-->src\main\AndroidManifest.xml:21:13-45
27            <intent-filter>
27-->src\main\AndroidManifest.xml:22:13-26:29
28                <action android:name="android.intent.action.MAIN" />
28-->src\main\AndroidManifest.xml:23:17-69
28-->src\main\AndroidManifest.xml:23:25-66
29
30                <category android:name="android.intent.category.LAUNCHER" />
30-->src\main\AndroidManifest.xml:25:17-77
30-->src\main\AndroidManifest.xml:25:27-74
31            </intent-filter>
32        </activity>
33        <activity
33-->src\main\AndroidManifest.xml:28:9-31:20
34            android:name="com.nodem.cashbook.NewAccount"
34-->src\main\AndroidManifest.xml:29:13-57
35            android:label="Add New Account" >
35-->src\main\AndroidManifest.xml:30:13-44
36        </activity>
37        <activity
37-->src\main\AndroidManifest.xml:32:9-35:20
38            android:name="com.nodem.cashbook.NewTransaction"
38-->src\main\AndroidManifest.xml:33:13-61
39            android:label="New Transaction" >
39-->src\main\AndroidManifest.xml:34:13-44
40        </activity>
41        <activity android:name="com.nodem.cashbook.MainActivity" >
41-->src\main\AndroidManifest.xml:36:9-37:20
41-->src\main\AndroidManifest.xml:36:19-65
42        </activity>
43        <activity
43-->src\main\AndroidManifest.xml:38:9-41:20
44            android:name="com.nodem.cashbook.Ledger"
44-->src\main\AndroidManifest.xml:39:13-53
45            android:label="Ledger " >
45-->src\main\AndroidManifest.xml:40:13-36
46        </activity>
47
48        <receiver android:name="com.nodem.cashbook.Mote" />
48-->src\main\AndroidManifest.xml:42:9-69
48-->src\main\AndroidManifest.xml:42:19-57
49
50        <activity
50-->src\main\AndroidManifest.xml:43:9-95
51            android:name="com.nodem.cashbook.Backup"
51-->src\main\AndroidManifest.xml:43:19-59
52            android:label="Back up" />
52-->src\main\AndroidManifest.xml:43:60-83
53        <activity
53-->src\main\AndroidManifest.xml:44:9-112
54            android:name="com.nodem.cashbook.PasswordSetting"
54-->src\main\AndroidManifest.xml:44:19-68
55            android:label="Change password" />
55-->src\main\AndroidManifest.xml:44:69-100
56
57        <service
57-->[com.google.android.gms:play-services-measurement-api:18.0.0] AndroidManifest.xml:27:9-33:19
58            android:name="com.google.firebase.components.ComponentDiscoveryService"
58-->[com.google.android.gms:play-services-measurement-api:18.0.0] AndroidManifest.xml:28:13-84
59            android:directBootAware="true"
59-->[com.google.firebase:firebase-common:19.3.1] AndroidManifest.xml:35:13-43
60            android:exported="false" >
60-->[com.google.android.gms:play-services-measurement-api:18.0.0] AndroidManifest.xml:29:13-37
61            <meta-data
61-->[com.google.android.gms:play-services-measurement-api:18.0.0] AndroidManifest.xml:30:13-32:85
62                android:name="com.google.firebase.components:com.google.firebase.analytics.connector.internal.AnalyticsConnectorRegistrar"
62-->[com.google.android.gms:play-services-measurement-api:18.0.0] AndroidManifest.xml:31:17-139
63                android:value="com.google.firebase.components.ComponentRegistrar" />
63-->[com.google.android.gms:play-services-measurement-api:18.0.0] AndroidManifest.xml:32:17-82
64            <meta-data
64-->[com.google.firebase:firebase-installations:16.3.3] AndroidManifest.xml:17:13-19:85
65                android:name="com.google.firebase.components:com.google.firebase.installations.FirebaseInstallationsRegistrar"
65-->[com.google.firebase:firebase-installations:16.3.3] AndroidManifest.xml:18:17-127
66                android:value="com.google.firebase.components.ComponentRegistrar" />
66-->[com.google.firebase:firebase-installations:16.3.3] AndroidManifest.xml:19:17-82
67        </service>
68
69        <provider
69-->[com.google.firebase:firebase-common:19.3.1] AndroidManifest.xml:26:9-31:39
70            android:name="com.google.firebase.provider.FirebaseInitProvider"
70-->[com.google.firebase:firebase-common:19.3.1] AndroidManifest.xml:27:13-77
71            android:authorities="com.vmk.cashbook.firebaseinitprovider"
71-->[com.google.firebase:firebase-common:19.3.1] AndroidManifest.xml:28:13-72
72            android:directBootAware="true"
72-->[com.google.firebase:firebase-common:19.3.1] AndroidManifest.xml:29:13-43
73            android:exported="false"
73-->[com.google.firebase:firebase-common:19.3.1] AndroidManifest.xml:30:13-37
74            android:initOrder="100" />
74-->[com.google.firebase:firebase-common:19.3.1] AndroidManifest.xml:31:13-36
75
76        <receiver
76-->[com.google.android.gms:play-services-measurement:18.0.0] AndroidManifest.xml:29:9-33:20
77            android:name="com.google.android.gms.measurement.AppMeasurementReceiver"
77-->[com.google.android.gms:play-services-measurement:18.0.0] AndroidManifest.xml:30:13-85
78            android:enabled="true"
78-->[com.google.android.gms:play-services-measurement:18.0.0] AndroidManifest.xml:31:13-35
79            android:exported="false" >
79-->[com.google.android.gms:play-services-measurement:18.0.0] AndroidManifest.xml:32:13-37
80        </receiver>
81
82        <service
82-->[com.google.android.gms:play-services-measurement:18.0.0] AndroidManifest.xml:35:9-38:40
83            android:name="com.google.android.gms.measurement.AppMeasurementService"
83-->[com.google.android.gms:play-services-measurement:18.0.0] AndroidManifest.xml:36:13-84
84            android:enabled="true"
84-->[com.google.android.gms:play-services-measurement:18.0.0] AndroidManifest.xml:37:13-35
85            android:exported="false" />
85-->[com.google.android.gms:play-services-measurement:18.0.0] AndroidManifest.xml:38:13-37
86        <service
86-->[com.google.android.gms:play-services-measurement:18.0.0] AndroidManifest.xml:39:9-43:72
87            android:name="com.google.android.gms.measurement.AppMeasurementJobService"
87-->[com.google.android.gms:play-services-measurement:18.0.0] AndroidManifest.xml:40:13-87
88            android:enabled="true"
88-->[com.google.android.gms:play-services-measurement:18.0.0] AndroidManifest.xml:41:13-35
89            android:exported="false"
89-->[com.google.android.gms:play-services-measurement:18.0.0] AndroidManifest.xml:42:13-37
90            android:permission="android.permission.BIND_JOB_SERVICE" />
90-->[com.google.android.gms:play-services-measurement:18.0.0] AndroidManifest.xml:43:13-69
91
92        <meta-data
92-->[com.google.android.gms:play-services-basement:17.0.0] AndroidManifest.xml:23:9-25:69
93            android:name="com.google.android.gms.version"
93-->[com.google.android.gms:play-services-basement:17.0.0] AndroidManifest.xml:24:13-58
94            android:value="@integer/google_play_services_version" />
94-->[com.google.android.gms:play-services-basement:17.0.0] AndroidManifest.xml:25:13-66
95    </application>
96
97</manifest>